2026-04-16 19:42:49,816  [INFO]  ============================================================
2026-04-16 19:42:49,818  [INFO]    Secure Backup & Ransomware Detection System
2026-04-16 19:42:49,819  [INFO]    Monitoring : C:\Users\Abdullah\OneDrive\Desktop\ransomware_detector\monitored
2026-04-16 19:42:49,819  [INFO]    Backup dir : C:\Users\Abdullah\OneDrive\Desktop\ransomware_detector\backup
2026-04-16 19:42:49,820  [INFO]    Threshold  : 3 changes / 10s
2026-04-16 19:42:49,821  [INFO]    Poll every : 3s
2026-04-16 19:42:49,822  [INFO]  ============================================================
2026-04-16 19:42:49,823  [INFO]  [INIT] Building initial hash baseline …
2026-04-16 19:42:49,832  [INFO]  [INIT] Baseline recorded for 0 file(s).
2026-04-16 19:42:49,833  [INFO]  [RUNNING] Press Ctrl+C to stop.

2026-04-16 19:43:50,105  [INFO]  [NEW FILE]  document_01.txt
2026-04-16 19:43:50,131  [INFO]  [NEW FILE]  document_02.txt
2026-04-16 19:43:50,156  [INFO]  [NEW FILE]  document_03.txt
2026-04-16 19:43:50,174  [INFO]  [NEW FILE]  document_04.txt
2026-04-16 19:43:50,185  [INFO]  [NEW FILE]  document_05.txt
2026-04-16 19:43:50,196  [CRITICAL]  ALERT: Ransomware-like activity detected! 5 files changed in 10s. Immediate action required!
2026-04-16 19:43:56,343  [INFO]  [MODIFIED]  document_01.txt
2026-04-16 19:43:56,361  [INFO]  [MODIFIED]  document_02.txt
2026-04-16 19:43:56,381  [INFO]  [MODIFIED]  document_03.txt
2026-04-16 19:43:56,407  [INFO]  [MODIFIED]  document_04.txt
2026-04-16 19:43:56,428  [INFO]  [MODIFIED]  document_05.txt
2026-04-16 19:44:08,490  [INFO]  [INFO] Activity returned to normal. Alert cleared.
