2026-04-18 19:29:07,617  [INFO]  ============================================================
2026-04-18 19:29:07,617  [INFO]    Secure Backup & Ransomware Detection System
2026-04-18 19:29:07,618  [INFO]    Monitoring : C:\Users\Abdullah\OneDrive\Desktop\ransomware_detector\monitored
2026-04-18 19:29:07,618  [INFO]    Backup dir : C:\Users\Abdullah\OneDrive\Desktop\ransomware_detector\backup
2026-04-18 19:29:07,619  [INFO]    Threshold  : 3 changes / 10s
2026-04-18 19:29:07,619  [INFO]    Poll every : 3s
2026-04-18 19:29:07,620  [INFO]  ============================================================
2026-04-18 19:29:07,623  [INFO]  [INIT] Building initial hash baseline ...
2026-04-18 19:29:07,625  [INFO]  [INIT] Baseline recorded for 0 file(s).
2026-04-18 19:29:07,626  [INFO]  [RUNNING] Press Ctrl+C to stop.

2026-04-18 19:30:55,797  [INFO]  [NEW FILE]  document_01.txt
2026-04-18 19:30:55,805  [INFO]  [BACKUP]  document_01.txt  ->  document_01__20260418_193055.txt
2026-04-18 19:30:55,805  [INFO]  [NEW FILE]  document_02.txt
2026-04-18 19:30:55,814  [INFO]  [BACKUP]  document_02.txt  ->  document_02__20260418_193055.txt
2026-04-18 19:30:55,815  [INFO]  [NEW FILE]  document_03.txt
2026-04-18 19:30:55,820  [INFO]  [BACKUP]  document_03.txt  ->  document_03__20260418_193055.txt
2026-04-18 19:30:55,821  [INFO]  [NEW FILE]  document_04.txt
2026-04-18 19:30:55,827  [INFO]  [BACKUP]  document_04.txt  ->  document_04__20260418_193055.txt
2026-04-18 19:30:55,828  [INFO]  [NEW FILE]  document_05.txt
2026-04-18 19:30:55,833  [INFO]  [BACKUP]  document_05.txt  ->  document_05__20260418_193055.txt
2026-04-18 19:30:55,838  [CRITICAL]  ALERT: Ransomware-like activity detected! 5 files changed in 10s. Immediate action required!
2026-04-18 19:31:07,875  [INFO]  [INFO] Activity returned to normal. Alert cleared.
2026-04-18 19:32:41,300  [INFO]  [MODIFIED]  document_01.txt
2026-04-18 19:32:41,305  [INFO]  [BACKUP]  document_01.txt  ->  document_01__20260418_193241.txt
2026-04-18 19:32:41,306  [INFO]  [MODIFIED]  document_02.txt
2026-04-18 19:32:41,313  [INFO]  [BACKUP]  document_02.txt  ->  document_02__20260418_193241.txt
2026-04-18 19:32:41,314  [INFO]  [MODIFIED]  document_03.txt
2026-04-18 19:32:41,322  [INFO]  [BACKUP]  document_03.txt  ->  document_03__20260418_193241.txt
2026-04-18 19:32:41,323  [INFO]  [MODIFIED]  document_04.txt
2026-04-18 19:32:41,331  [INFO]  [BACKUP]  document_04.txt  ->  document_04__20260418_193241.txt
2026-04-18 19:32:41,337  [CRITICAL]  ALERT: Ransomware-like activity detected! 4 files changed in 10s. Immediate action required!
2026-04-18 19:32:44,397  [INFO]  [MODIFIED]  document_05.txt
2026-04-18 19:32:44,404  [INFO]  [BACKUP]  document_05.txt  ->  document_05__20260418_193244.txt
2026-04-18 19:32:53,434  [INFO]  [INFO] Activity returned to normal. Alert cleared.
2026-04-18 19:36:54,154  [INFO]  [DELETED]   document_01.txt
2026-04-18 19:36:54,154  [INFO]  [DELETED]   document_02.txt
2026-04-18 19:36:54,156  [INFO]  [DELETED]   document_03.txt
2026-04-18 19:36:54,157  [INFO]  [DELETED]   document_04.txt
2026-04-18 19:36:54,158  [INFO]  [DELETED]   document_05.txt
2026-04-18 19:36:54,162  [CRITICAL]  ALERT: Ransomware-like activity detected! 5 files changed in 10s. Immediate action required!
2026-04-18 19:37:06,179  [INFO]  [INFO] Activity returned to normal. Alert cleared.
2026-04-18 19:38:03,285  [INFO]  [NEW FILE]  document_01.txt
2026-04-18 19:38:03,290  [INFO]  [BACKUP]  document_01.txt  ->  document_01__20260418_193803.txt
2026-04-18 19:39:09,414  [INFO]  [NEW FILE]  document_02.txt
2026-04-18 19:39:09,418  [INFO]  [BACKUP]  document_02.txt  ->  document_02__20260418_193909.txt
2026-04-18 19:43:48,950  [INFO]  [NEW FILE]  mahnoor.txt
2026-04-18 19:43:48,954  [INFO]  [BACKUP]  mahnoor.txt  ->  mahnoor__20260418_194348.txt
2026-04-18 19:44:09,995  [INFO]  [NEW FILE]  sadaf.txt
2026-04-18 19:44:09,999  [INFO]  [BACKUP]  sadaf.txt  ->  sadaf__20260418_194409.txt
